Thu Feb  4 17:12:48 SAT 2016
Revisar: ORA-00942: table or view does not exist
Thu Feb  4 17:13:29 SAT 2016
Revisar: ORA-00942: table or view does not exist
Thu Feb  4 17:14:17 SAT 2016
Revisar: ORA-00942: table or view does not exist
Thu Feb  4 17:15:29 SAT 2016
Revisar: ORA-00942: table or view does not exist
Revisar: ORA-00942: table or view does not exist
Revisar: ORA-00942: table or view does not exist
Revisar: ORA-00942: table or view does not exist
Revisar: ORA-00942: table or view does not exist
Thu Feb  4 17:21:09 SAT 2016
Revisar: ORA-00942: table or view does not exist
Thu Feb  4 17:21:11 SAT 2016
Revisar: ORA-00942: table or view does not exist
Fri Feb  5 08:30:00 SAT 2016
Sat Feb  6 08:30:00 SAT 2016
Sun Feb  7 08:30:00 SAT 2016
Sun Feb  7 09:18:35 SAT 2016
Tablas: empadronados_05072011_01022016 borrada.
Tablas: no_empadronados_01022016 borrada.
Tablas: ppa_todos_01022016 borrada.
Sun Feb  7 09:18:57 SAT 2016
Revisar: ORA-00942: table or view does not exist
Sun Feb  7 09:19:13 SAT 2016
Tablas: empadronados_05072011_02022016 borrada.
Tablas: no_empadronados_02022016 borrada.
Tablas: ppa_todos_02022016 borrada.
Sun Feb  7 09:19:32 SAT 2016
Tablas: empadronados_05072011_03022016 borrada.
Tablas: no_empadronados_03022016 borrada.
Tablas: ppa_todos_03022016 borrada.
Sun Feb  7 09:27:30 SAT 2016
Revisar: ORA-00942: table or view does not exist
Sun Feb  7 09:29:01 SAT 2016
Revisar: ORA-00942: table or view does not exist
Mon Feb  8 08:30:00 SAT 2016
Revisar: ORA-00942: table or view does not exist
Tue Feb  9 08:30:00 SAT 2016
Tablas: empadronados_05072011_05022016 borrada.
Tablas: no_empadronados_05022016 borrada.
Tablas: ppa_todos_05022016 borrada.
Wed Feb 10 08:30:00 SAT 2016
Tablas: empadronados_05072011_06022016 borrada.
Tablas: no_empadronados_06022016 borrada.
Tablas: ppa_todos_06022016 borrada.
Thu Feb 11 08:30:00 SAT 2016
Tablas: empadronados_05072011_07022016 borrada.
Tablas: no_empadronados_07022016 borrada.
Tablas: ppa_todos_07022016 borrada.
Fri Feb 12 08:30:00 SAT 2016
Tablas: empadronados_05072011_08022016 borrada.
Tablas: no_empadronados_08022016 borrada.
Tablas: ppa_todos_08022016 borrada.
Sat Feb 13 08:30:00 SAT 2016
Tablas: empadronados_05072011_09022016 borrada.
Tablas: no_empadronados_09022016 borrada.
Tablas: ppa_todos_09022016 borrada.
Sun Feb 14 08:30:01 SAT 2016
Tablas: empadronados_05072011_10022016 borrada.
Tablas: no_empadronados_10022016 borrada.
Tablas: ppa_todos_10022016 borrada.
Mon Feb 15 08:30:00 SAT 2016
Tablas: empadronados_05072011_11022016 borrada.
Tablas: no_empadronados_11022016 borrada.
Tablas: ppa_todos_11022016 borrada.
Tue Feb 16 08:30:00 SAT 2016
Tablas: empadronados_05072011_12022016 borrada.
Tablas: no_empadronados_12022016 borrada.
Tablas: ppa_todos_12022016 borrada.
Wed Feb 17 08:30:00 SAT 2016
Tablas: empadronados_05072011_13022016 borrada.
Tablas: no_empadronados_13022016 borrada.
Tablas: ppa_todos_13022016 borrada.
Thu Feb 18 08:30:00 SAT 2016
Tablas: empadronados_05072011_14022016 borrada.
Tablas: no_empadronados_14022016 borrada.
Tablas: ppa_todos_14022016 borrada.
Fri Feb 19 08:30:00 SAT 2016
Tablas: empadronados_05072011_15022016 borrada.
Tablas: no_empadronados_15022016 borrada.
Tablas: ppa_todos_15022016 borrada.
Sat Feb 20 08:30:00 SAT 2016
Tablas: empadronados_05072011_16022016 borrada.
Tablas: no_empadronados_16022016 borrada.
Tablas: ppa_todos_16022016 borrada.
Sun Feb 21 08:30:00 SAT 2016
Tablas: empadronados_05072011_17022016 borrada.
Tablas: no_empadronados_17022016 borrada.
Tablas: ppa_todos_17022016 borrada.
Mon Feb 22 08:30:00 SAT 2016
Tablas: empadronados_05072011_18022016 borrada.
Tablas: no_empadronados_18022016 borrada.
Tablas: ppa_todos_18022016 borrada.
Tue Feb 23 08:30:00 SAT 2016
Tablas: empadronados_05072011_19022016 borrada.
Revisar: ORA-00942: table or view does not exist
Wed Feb 24 08:30:01 SAT 2016
Tablas: empadronados_05072011_20022016 borrada.
Tablas: no_empadronados_20022016 borrada.
Tablas: ppa_todos_20022016 borrada.
Thu Feb 25 08:30:01 SAT 2016
Tablas: empadronados_05072011_21022016 borrada.
Tablas: no_empadronados_21022016 borrada.
Tablas: ppa_todos_21022016 borrada.
Fri Feb 26 08:30:00 SAT 2016
Tablas: empadronados_05072011_22022016 borrada.
Revisar: ORA-00942: table or view does not exist
Sat Feb 27 08:30:00 SAT 2016
Tablas: empadronados_05072011_23022016 borrada.
Tablas: no_empadronados_23022016 borrada.
Tablas: ppa_todos_23022016 borrada.
Sun Feb 28 08:30:00 SAT 2016
Tablas: empadronados_05072011_24022016 borrada.
Tablas: no_empadronados_24022016 borrada.
Tablas: ppa_todos_24022016 borrada.
Mon Feb 29 08:30:00 SAT 2016
Tablas: empadronados_05072011_25022016 borrada.
Tablas: no_empadronados_25022016 borrada.
Tablas: ppa_todos_25022016 borrada.
Tue Mar  1 08:30:01 SAT 2016
Tablas: empadronados_05072011_26022016 borrada.
Tablas: no_empadronados_26022016 borrada.
Tablas: ppa_todos_26022016 borrada.
Wed Mar  2 08:30:00 SAT 2016
Tablas: empadronados_05072011_27022016 borrada.
Tablas: no_empadronados_27022016 borrada.
Tablas: ppa_todos_27022016 borrada.
Thu Mar  3 08:30:00 SAT 2016
Tablas: empadronados_05072011_28022016 borrada.
Tablas: no_empadronados_28022016 borrada.
Tablas: ppa_todos_28022016 borrada.
Fri Mar  4 08:30:00 SAT 2016
Tablas: empadronados_05072011_29022016 borrada.
Tablas: no_empadronados_29022016 borrada.
Tablas: ppa_todos_29022016 borrada.
Sat Mar  5 08:30:01 SAT 2016
Tablas: empadronados_05072011_01032016 borrada.
Tablas: no_empadronados_01032016 borrada.
Tablas: ppa_todos_01032016 borrada.
Sun Mar  6 08:30:00 SAT 2016
Tablas: empadronados_05072011_02032016 borrada.
Tablas: no_empadronados_02032016 borrada.
Tablas: ppa_todos_02032016 borrada.
Mon Mar  7 08:30:00 SAT 2016
Tablas: empadronados_05072011_03032016 borrada.
Tablas: no_empadronados_03032016 borrada.
Tablas: ppa_todos_03032016 borrada.
Tue Mar  8 08:30:00 SAT 2016
Tablas: empadronados_05072011_04032016 borrada.
Tablas: no_empadronados_04032016 borrada.
Tablas: ppa_todos_04032016 borrada.
Wed Mar  9 08:30:00 SAT 2016
Tablas: empadronados_05072011_05032016 borrada.
Tablas: no_empadronados_05032016 borrada.
Tablas: ppa_todos_05032016 borrada.
Thu Mar 10 08:30:00 SAT 2016
Tablas: empadronados_05072011_06032016 borrada.
Tablas: no_empadronados_06032016 borrada.
Tablas: ppa_todos_06032016 borrada.
Fri Mar 11 08:30:00 SAT 2016
Tablas: empadronados_05072011_07032016 borrada.
Tablas: no_empadronados_07032016 borrada.
Tablas: ppa_todos_07032016 borrada.
Sat Mar 12 08:30:00 SAT 2016
Tablas: empadronados_05072011_08032016 borrada.
Tablas: no_empadronados_08032016 borrada.
Tablas: ppa_todos_08032016 borrada.
Sun Mar 13 08:30:00 SAT 2016
Tablas: empadronados_05072011_09032016 borrada.
Tablas: no_empadronados_09032016 borrada.
Tablas: ppa_todos_09032016 borrada.
Mon Mar 14 08:30:00 SAT 2016
Tablas: empadronados_05072011_10032016 borrada.
Tablas: no_empadronados_10032016 borrada.
Tablas: ppa_todos_10032016 borrada.
Tue Mar 15 08:30:00 SAT 2016
Tablas: empadronados_05072011_11032016 borrada.
Tablas: no_empadronados_11032016 borrada.
Tablas: ppa_todos_11032016 borrada.
Wed Mar 16 08:30:00 SAT 2016
Tablas: empadronados_05072011_12032016 borrada.
Tablas: no_empadronados_12032016 borrada.
Tablas: ppa_todos_12032016 borrada.
Thu Mar 17 08:30:00 SAT 2016
Tablas: empadronados_05072011_13032016 borrada.
Tablas: no_empadronados_13032016 borrada.
Tablas: ppa_todos_13032016 borrada.
Fri Mar 18 08:30:00 SAT 2016
Tablas: empadronados_05072011_14032016 borrada.
Tablas: no_empadronados_14032016 borrada.
Tablas: ppa_todos_14032016 borrada.
Sat Mar 19 08:30:00 SAT 2016
Tablas: empadronados_05072011_15032016 borrada.
Tablas: no_empadronados_15032016 borrada.
Tablas: ppa_todos_15032016 borrada.
Sun Mar 20 08:30:00 SAT 2016
Tablas: empadronados_05072011_16032016 borrada.
Tablas: no_empadronados_16032016 borrada.
Tablas: ppa_todos_16032016 borrada.
Mon Mar 21 08:30:00 SAT 2016
Tablas: empadronados_05072011_17032016 borrada.
Tablas: no_empadronados_17032016 borrada.
Tablas: ppa_todos_17032016 borrada.
Tue Mar 22 08:30:00 SAT 2016
Tablas: empadronados_05072011_18032016 borrada.
Tablas: no_empadronados_18032016 borrada.
Tablas: ppa_todos_18032016 borrada.
Wed Mar 23 08:30:00 SAT 2016
Tablas: empadronados_05072011_19032016 borrada.
Tablas: no_empadronados_19032016 borrada.
Tablas: ppa_todos_19032016 borrada.
Thu Mar 24 08:30:00 SAT 2016
Tablas: empadronados_05072011_20032016 borrada.
Tablas: no_empadronados_20032016 borrada.
Tablas: ppa_todos_20032016 borrada.
Fri Mar 25 08:30:01 SAT 2016
Tablas: empadronados_05072011_21032016 borrada.
Tablas: no_empadronados_21032016 borrada.
Tablas: ppa_todos_21032016 borrada.
Sat Mar 26 08:30:00 SAT 2016
Tablas: empadronados_05072011_22032016 borrada.
Tablas: no_empadronados_22032016 borrada.
Tablas: ppa_todos_22032016 borrada.
Sun Mar 27 08:30:00 SAT 2016
Tablas: empadronados_05072011_23032016 borrada.
Tablas: no_empadronados_23032016 borrada.
Tablas: ppa_todos_23032016 borrada.
Mon Mar 28 08:30:00 SAT 2016
Tablas: empadronados_05072011_24032016 borrada.
Tablas: no_empadronados_24032016 borrada.
Tablas: ppa_todos_24032016 borrada.
Tue Mar 29 08:30:00 SAT 2016
Tablas: empadronados_05072011_25032016 borrada.
Tablas: no_empadronados_25032016 borrada.
Tablas: ppa_todos_25032016 borrada.
Wed Mar 30 08:30:00 SAT 2016
Tablas: empadronados_05072011_26032016 borrada.
Tablas: no_empadronados_26032016 borrada.
Tablas: ppa_todos_26032016 borrada.
Thu Mar 31 08:30:00 SAT 2016
Tablas: empadronados_05072011_27032016 borrada.
Tablas: no_empadronados_27032016 borrada.
Tablas: ppa_todos_27032016 borrada.
Fri Apr  1 08:30:00 SAT 2016
Tablas: empadronados_05072011_28032016 borrada.
Tablas: no_empadronados_28032016 borrada.
Tablas: ppa_todos_28032016 borrada.
Sat Apr  2 08:30:00 SAT 2016
Tablas: empadronados_05072011_29032016 borrada.
Tablas: no_empadronados_29032016 borrada.
Tablas: ppa_todos_29032016 borrada.
Sun Apr  3 08:30:00 SAT 2016
Tablas: empadronados_05072011_30032016 borrada.
Tablas: no_empadronados_30032016 borrada.
Tablas: ppa_todos_30032016 borrada.
Mon Apr  4 08:30:00 SAT 2016
Tablas: empadronados_05072011_31032016 borrada.
Revisar: ORA-00942: table or view does not exist
Tue Apr  5 08:30:00 SAT 2016
Tablas: empadronados_05072011_01042016 borrada.
Tablas: no_empadronados_01042016 borrada.
Tablas: ppa_todos_01042016 borrada.
Wed Apr  6 08:30:00 SAT 2016
Tablas: empadronados_05072011_02042016 borrada.
Tablas: no_empadronados_02042016 borrada.
Tablas: ppa_todos_02042016 borrada.
Thu Apr  7 08:30:00 SAT 2016
Tablas: empadronados_05072011_03042016 borrada.
Tablas: no_empadronados_03042016 borrada.
Tablas: ppa_todos_03042016 borrada.
Fri Apr  8 08:30:00 SAT 2016
Tablas: empadronados_05072011_04042016 borrada.
Tablas: no_empadronados_04042016 borrada.
Tablas: ppa_todos_04042016 borrada.
Sat Apr  9 08:30:00 SAT 2016
Tablas: empadronados_05072011_05042016 borrada.
Tablas: no_empadronados_05042016 borrada.
Tablas: ppa_todos_05042016 borrada.
Sun Apr 10 08:30:00 SAT 2016
Tablas: empadronados_05072011_06042016 borrada.
Tablas: no_empadronados_06042016 borrada.
Tablas: ppa_todos_06042016 borrada.
Mon Apr 11 08:30:00 SAT 2016
Tablas: empadronados_05072011_07042016 borrada.
Tablas: no_empadronados_07042016 borrada.
Tablas: ppa_todos_07042016 borrada.
Mon Apr 11 14:54:41 SAT 2016
Mon Apr 11 14:55:16 SAT 2016
Mon Apr 11 16:20:23 SAT 2016
Mon Apr 11 16:20:23 SAT 2016
Mon Apr 11 16:23:44 SAT 2016
Mon Apr 11 16:25:50 SAT 2016
Mon Apr 11 16:26:50 SAT 2016
Mon Apr 11 16:27:21 SAT 2016
Mon Apr 11 16:28:43 SAT 2016
Mon Apr 11 16:28:43 SAT 2016
Revisar: ORA-00942: table or view does not exist
Mon Apr 11 16:30:07 SAT 2016
Mon Apr 11 16:30:07 SAT 2016
Revisar: ORA-00942: table or view does not exist
Mon Apr 11 16:32:14 SAT 2016
Revisar: ORA-00942: table or view does not exist
Mon Apr 11 16:34:39 SAT 2016
Revisar: ORA-00942: table or view does not exist
	      			   pv_mensaje =>Mon,
              			                *
ERROR at line 14:
ORA-06550: line 14, column 34:
PLS-00201: identifier 'MON' must be declared
ORA-06550: line 12, column 3:
PL/SQL: Statement ignored


Mon Apr 11 16:36:25 SAT 2016
Revisar: ORA-00942: table or view does not exist
Mon Apr 11 16:39:54 SAT 2016
Revisar: ORA-00942: table or view does not exist
Mon Apr 11 16:44:27 SAT 2016
Revisar: ORA-00942: table or view does not exist
Mon Apr 11 16:46:48 SAT 2016
Revisar: ORA-00942: table or view does not exist
Tue Apr 12 08:30:00 SAT 2016
Tablas: empadronados_05072011_08042016 borrada.
Tablas: no_empadronados_08042016 borrada.
Tablas: ppa_todos_08042016 borrada.
Wed Apr 13 08:30:00 SAT 2016
Tablas: empadronados_05072011_09042016 borrada.
Tablas: no_empadronados_09042016 borrada.
Revisar: ORA-00942: table or view does not exist
Thu Apr 14 08:30:00 SAT 2016
Tablas: empadronados_05072011_10042016 borrada.
Tablas: no_empadronados_10042016 borrada.
Tablas: ppa_todos_10042016 borrada.
Fri Apr 15 08:30:00 SAT 2016
Tablas: empadronados_05072011_11042016 borrada.
Tablas: no_empadronados_11042016 borrada.
Tablas: ppa_todos_11042016 borrada.
